# JRE version: OpenJDK Runtime Environment (8.0_202-b03) (build 1.8.0_202-release-1483-b03)
# Java VM: OpenJDK 64-Bit Server VM (25.202-b03 mixed mode windows-amd64 compressed oops)
Heap:
 PSYoungGen      total 437760K, used 37233K [0x00000000e0000000, 0x0000000100000000, 0x0000000100000000)
  eden space 354304K, 8% used [0x00000000e0000000,0x00000000e1e176c0,0x00000000f5a00000)
  from space 83456K, 7% used [0x00000000fae80000,0x00000000fb4c50c0,0x0000000100000000)
  to   space 84992K, 0% used [0x00000000f5a00000,0x00000000f5a00000,0x00000000fad00000)
 ParOldGen       total 425472K, used 154029K [0x00000000a0000000, 0x00000000b9f80000, 0x00000000e0000000)
  object space 425472K, 36% used [0x00000000a0000000,0x00000000a966b7f0,0x00000000b9f80000)
 Metaspace       used 146727K, capacity 155170K, committed 155284K, reserved 1183744K
  class space    used 18835K, capacity 20343K, committed 20412K, reserved 1048576K
GC Heap History (10 events):
Event: 9356.439 GC heap before
{Heap before GC invocations=47 (full 5):
 PSYoungGen      total 436736K, used 393309K [0x00000000e0000000, 0x0000000100000000, 0x0000000100000000)
  eden space 349184K, 100% used [0x00000000e0000000,0x00000000f5500000,0x00000000f5500000)
  from space 87552K, 50% used [0x00000000f5500000,0x00000000f8017688,0x00000000faa80000)
  to   space 83968K, 0% used [0x00000000fae00000,0x00000000fae00000,0x0000000100000000)
 ParOldGen       total 425472K, used 123317K [0x00000000a0000000, 0x00000000b9f80000, 0x00000000e0000000)
  object space 425472K, 28% used [0x00000000a0000000,0x00000000a786d4f0,0x00000000b9f80000)
 Metaspace       used 144033K, capacity 151872K, committed 151956K, reserved 1181696K
  class space    used 18479K, capacity 19887K, committed 19900K, reserved 1048576K
Event: 9356.469 GC heap after
Heap after GC invocations=47 (full 5):
 PSYoungGen      total 430080K, used 38215K [0x00000000e0000000, 0x00000000ff980000, 0x0000000100000000)
  eden space 352768K, 0% used [0x00000000e0000000,0x00000000e0000000,0x00000000f5880000)
  from space 77312K, 49% used [0x00000000fae00000,0x00000000fd351f00,0x00000000ff980000)
  to   space 82432K, 0% used [0x00000000f5880000,0x00000000f5880000,0x00000000fa900000)
 ParOldGen       total 425472K, used 126928K [0x00000000a0000000, 0x00000000b9f80000, 0x00000000e0000000)
  object space 425472K, 29% used [0x00000000a0000000,0x00000000a7bf41a8,0x00000000b9f80000)
 Metaspace       used 144033K, capacity 151872K, committed 151956K, reserved 1181696K
  class space    used 18479K, capacity 19887K, committed 19900K, reserved 1048576K
}
Event: 9357.417 GC heap before
{Heap before GC invocations=48 (full 5):
 PSYoungGen      total 430080K, used 390983K [0x00000000e0000000, 0x00000000ff980000, 0x0000000100000000)
  eden space 352768K, 100% used [0x00000000e0000000,0x00000000f5880000,0x00000000f5880000)
  from space 77312K, 49% used [0x00000000fae00000,0x00000000fd351f00,0x00000000ff980000)
  to   space 82432K, 0% used [0x00000000f5880000,0x00000000f5880000,0x00000000fa900000)
 ParOldGen       total 425472K, used 126928K [0x00000000a0000000, 0x00000000b9f80000, 0x00000000e0000000)
  object space 425472K, 29% used [0x00000000a0000000,0x00000000a7bf41a8,0x00000000b9f80000)
 Metaspace       used 144035K, capacity 151872K, committed 151956K, reserved 1181696K
  class space    used 18479K, capacity 19887K, committed 19900K, reserved 1048576K
Event: 9357.444 GC heap after
Heap after GC invocations=48 (full 5):
 PSYoungGen      total 435200K, used 33629K [0x00000000e0000000, 0x0000000100000000, 0x0000000100000000)
  eden space 352768K, 0% used [0x00000000e0000000,0x00000000e0000000,0x00000000f5880000)
  from space 82432K, 40% used [0x00000000f5880000,0x00000000f7957540,0x00000000fa900000)
  to   space 80896K, 0% used [0x00000000fb100000,0x00000000fb100000,0x0000000100000000)
 ParOldGen       total 425472K, used 132699K [0x00000000a0000000, 0x00000000b9f80000, 0x00000000e0000000)
  object space 425472K, 31% used [0x00000000a0000000,0x00000000a8196f50,0x00000000b9f80000)
 Metaspace       used 144035K, capacity 151872K, committed 151956K, reserved 1181696K
  class space    used 18479K, capacity 19887K, committed 19900K, reserved 1048576K
}
Event: 9358.309 GC heap before
{Heap before GC invocations=49 (full 5):
 PSYoungGen      total 435200K, used 386397K [0x00000000e0000000, 0x0000000100000000, 0x0000000100000000)
  eden space 352768K, 100% used [0x00000000e0000000,0x00000000f5880000,0x00000000f5880000)
  from space 82432K, 40% used [0x00000000f5880000,0x00000000f7957540,0x00000000fa900000)
  to   space 80896K, 0% used [0x00000000fb100000,0x00000000fb100000,0x0000000100000000)
 ParOldGen       total 425472K, used 132699K [0x00000000a0000000, 0x00000000b9f80000, 0x00000000e0000000)
  object space 425472K, 31% used [0x00000000a0000000,0x00000000a8196f50,0x00000000b9f80000)
 Metaspace       used 144053K, capacity 151872K, committed 151956K, reserved 1181696K
  class space    used 18479K, capacity 19887K, committed 19900K, reserved 1048576K
Event: 9358.326 GC heap after
Heap after GC invocations=49 (full 5):
 PSYoungGen      total 441344K, used 23339K [0x00000000e0000000, 0x00000000fff80000, 0x0000000100000000)
  eden space 360960K, 0% used [0x00000000e0000000,0x00000000e0000000,0x00000000f6080000)
  from space 80384K, 29% used [0x00000000fb100000,0x00000000fc7caec0,0x00000000fff80000)
  to   space 81408K, 0% used [0x00000000f6080000,0x00000000f6080000,0x00000000fb000000)
 ParOldGen       total 425472K, used 135743K [0x00000000a0000000, 0x00000000b9f80000, 0x00000000e0000000)
  object space 425472K, 31% used [0x00000000a0000000,0x00000000a848fe68,0x00000000b9f80000)
 Metaspace       used 144053K, capacity 151872K, committed 151956K, reserved 1181696K
  class space    used 18479K, capacity 19887K, committed 19900K, reserved 1048576K
}
Event: 9360.105 GC heap before
{Heap before GC invocations=50 (full 5):
 PSYoungGen      total 441344K, used 384299K [0x00000000e0000000, 0x00000000fff80000, 0x0000000100000000)
  eden space 360960K, 100% used [0x00000000e0000000,0x00000000f6080000,0x00000000f6080000)
  from space 80384K, 29% used [0x00000000fb100000,0x00000000fc7caec0,0x00000000fff80000)
  to   space 81408K, 0% used [0x00000000f6080000,0x00000000f6080000,0x00000000fb000000)
 ParOldGen       total 425472K, used 135743K [0x00000000a0000000, 0x00000000b9f80000, 0x00000000e0000000)
  object space 425472K, 31% used [0x00000000a0000000,0x00000000a848fe68,0x00000000b9f80000)
 Metaspace       used 144059K, capacity 151936K, committed 151956K, reserved 1181696K
  class space    used 18480K, capacity 19887K, committed 19900K, reserved 1048576K
Event: 9360.125 GC heap after
Heap after GC invocations=50 (full 5):
 PSYoungGen      total 369152K, used 8032K [0x00000000e0000000, 0x0000000100000000, 0x0000000100000000)
  eden space 360960K, 0% used [0x00000000e0000000,0x00000000e0000000,0x00000000f6080000)
  from space 8192K, 98% used [0x00000000f6080000,0x00000000f6858000,0x00000000f6880000)
  to   space 83456K, 0% used [0x00000000fae80000,0x00000000fae80000,0x0000000100000000)
 ParOldGen       total 425472K, used 152089K [0x00000000a0000000, 0x00000000b9f80000, 0x00000000e0000000)
  object space 425472K, 35% used [0x00000000a0000000,0x00000000a94867c0,0x00000000b9f80000)
 Metaspace       used 144059K, capacity 151936K, committed 151956K, reserved 1181696K
  class space    used 18480K, capacity 19887K, committed 19900K, reserved 1048576K
}
Event: 12355.681 GC heap before
{Heap before GC invocations=51 (full 5):
 PSYoungGen      total 369152K, used 368992K [0x00000000e0000000, 0x0000000100000000, 0x0000000100000000)
  eden space 360960K, 100% used [0x00000000e0000000,0x00000000f6080000,0x00000000f6080000)
  from space 8192K, 98% used [0x00000000f6080000,0x00000000f6858000,0x00000000f6880000)
  to   space 83456K, 0% used [0x00000000fae80000,0x00000000fae80000,0x0000000100000000)
 ParOldGen       total 425472K, used 152089K [0x00000000a0000000, 0x00000000b9f80000, 0x00000000e0000000)
  object space 425472K, 35% used [0x00000000a0000000,0x00000000a94867c0,0x00000000b9f80000)
 Metaspace       used 145303K, capacity 153470K, committed 153748K, reserved 1183744K
  class space    used 18644K, capacity 20117K, committed 20156K, reserved 1048576K
Event: 12355.808 GC heap after
Heap after GC invocations=51 (full 5):
 PSYoungGen      total 437760K, used 6420K [0x00000000e0000000, 0x0000000100000000, 0x0000000100000000)
  eden space 354304K, 0% used [0x00000000e0000000,0x00000000e0000000,0x00000000f5a00000)
  from space 83456K, 7% used [0x00000000fae80000,0x00000000fb4c50c0,0x0000000100000000)
  to   space 84992K, 0% used [0x00000000f5a00000,0x00000000f5a00000,0x00000000fad00000)
 ParOldGen       total 425472K, used 154029K [0x00000000a0000000, 0x00000000b9f80000, 0x00000000e0000000)
  object space 425472K, 36% used [0x00000000a0000000,0x00000000a966b7f0,0x00000000b9f80000)
 Metaspace       used 145303K, capacity 153470K, committed 153748K, reserved 1183744K
  class space    used 18644K, capacity 20117K, committed 20156K, reserved 1048576K
}

